<?xml version="1.0" encoding="UTF-8"?>
<!-- Generated by org.testng.reporters.JUnitReportReporter -->
<testsuite hostname="DESKTOP-P55NFCV" failures="0" tests="3" name="com.TestNG.Jan_10_2024_Day12_TestNG_Repeat.Assignment3" time="15.600" errors="0" timestamp="2024-01-10T15:41:28 EST" skipped="0">
  <testcase classname="com.TestNG.Jan_10_2024_Day12_TestNG_Repeat.Assignment3" name="verifySearchWithValidProduct" time="4.402"/>
  <testcase classname="com.TestNG.Jan_10_2024_Day12_TestNG_Repeat.Assignment3" name="verifySearchWithInvalidProduct" time="4.911"/>
  <testcase classname="com.TestNG.Jan_10_2024_Day12_TestNG_Repeat.Assignment3" name="verifySearchWithNoProduct" time="6.287"/>
</testsuite> <!-- com.TestNG.Jan_10_2024_Day12_TestNG_Repeat.Assignment3 -->
