<?xml version="1.0" encoding="UTF-8"?>
<!-- Generated by org.testng.reporters.JUnitReportReporter -->
<testsuite hostname="DESKTOP-P55NFCV" failures="0" tests="5" name="com.TestNG.Jan_10_2024_Day12_TestNG_Repeat.Assignment1" time="72.704" errors="0" timestamp="2024-01-10T11:30:34 EST" skipped="0">
  <testcase classname="com.TestNG.Jan_10_2024_Day12_TestNG_Repeat.Assignment1" name="verifyLoginWithValidCredentials" time="10.322"/>
  <testcase classname="com.TestNG.Jan_10_2024_Day12_TestNG_Repeat.Assignment1" name="verifyLoginWithValidEmailInvalidPassword" time="12.974"/>
  <testcase classname="com.TestNG.Jan_10_2024_Day12_TestNG_Repeat.Assignment1" name="verifyLoginWithInvalidCredetials" time="26.877"/>
  <testcase classname="com.TestNG.Jan_10_2024_Day12_TestNG_Repeat.Assignment1" name="verifyLoginWithoutCredentials" time="10.122"/>
  <testcase classname="com.TestNG.Jan_10_2024_Day12_TestNG_Repeat.Assignment1" name="verifyLoginWithInvalidEmailValidPassword" time="12.409"/>
</testsuite> <!-- com.TestNG.Jan_10_2024_Day12_TestNG_Repeat.Assignment1 -->
