<?xml version="1.0" encoding="UTF-8"?>
<!-- Generated by org.testng.reporters.JUnitReportReporter -->
<testsuite hostname="DESKTOP-P55NFCV" failures="0" tests="1" name="com.automation.Feb_12_2024_Day22_Screenshots.Example1" time="57.188" errors="0" timestamp="2024-02-13T15:17:16 EST" skipped="0">
  <testcase classname="com.automation.Feb_12_2024_Day22_Screenshots.Example1" name="openWeatherMap" time="57.188"/>
</testsuite> <!-- com.automation.Feb_12_2024_Day22_Screenshots.Example1 -->
