<?xml version="1.0" encoding="UTF-8"?>
<!-- Generated by org.testng.reporters.JUnitReportReporter -->
<testsuite hostname="DESKTOP-P55NFCV" failures="0" tests="1" name="com.TestNG.Jan_25_2024_Day18_TestNG.Groups" time="0.020" errors="0" timestamp="2024-01-26T11:44:14 EST" skipped="0">
  <testcase classname="com.TestNG.Jan_25_2024_Day18_TestNG.Groups" name="TestCase4" time="0.020"/>
</testsuite> <!-- com.TestNG.Jan_25_2024_Day18_TestNG.Groups -->
