<?xml version="1.0" encoding="UTF-8"?>
<!-- Generated by org.testng.reporters.JUnitReportReporter -->
<testsuite hostname="DESKTOP-P55NFCV" failures="0" tests="1" name="com.automation.Feb_12_2024_Day22_Screenshots.Example2" time="14.291" errors="0" timestamp="2024-02-13T15:49:57 EST" skipped="0">
  <testcase classname="com.automation.Feb_12_2024_Day22_Screenshots.Example2" name="ShadihomepageBanner" time="14.291"/>
</testsuite> <!-- com.automation.Feb_12_2024_Day22_Screenshots.Example2 -->
