<?xml version="1.0" encoding="UTF-8"?>
<!-- Generated by org.testng.reporters.JUnitReportReporter -->
<testsuite hostname="DESKTOP-P55NFCV" failures="0" tests="1" name="com.automation.Feb_10_2024_Day21_DynamicDropdown.AutoSuggestive_Dropdown" time="35.242" errors="0" timestamp="2024-02-12T10:21:50 EST" skipped="0">
  <testcase classname="com.automation.Feb_10_2024_Day21_DynamicDropdown.AutoSuggestive_Dropdown" name="makeMyTripAutoSuggestiveDropdown" time="35.242"/>
</testsuite> <!-- com.automation.Feb_10_2024_Day21_DynamicDropdown.AutoSuggestive_Dropdown -->
