<?xml version="1.0" encoding="UTF-8"?>
<!-- Generated by org.testng.reporters.JUnitReportReporter -->
<testsuite hostname="DESKTOP-P55NFCV" failures="0" tests="3" name="com.TestNG.Dec_27_2023_Day9_TestNG.Assertions_InTestNG" time="31.545" errors="0" timestamp="2023-12-28T22:23:13 EST" skipped="0">
  <testcase classname="com.TestNG.Dec_27_2023_Day9_TestNG.Assertions_InTestNG" name="login" time="9.202"/>
  <testcase classname="com.TestNG.Dec_27_2023_Day9_TestNG.Assertions_InTestNG" name="logout" time="10.699"/>
  <testcase classname="com.TestNG.Dec_27_2023_Day9_TestNG.Assertions_InTestNG" name="continueButtonOnLogoutPage" time="11.644"/>
</testsuite> <!-- com.TestNG.Dec_27_2023_Day9_TestNG.Assertions_InTestNG -->
