<?xml version="1.0" encoding="UTF-8"?>
<!-- Generated by org.testng.reporters.JUnitReportReporter -->
<testsuite hostname="DESKTOP-P55NFCV" failures="0" tests="1" name="com.automation.Feb_10_2024_Day21_Keyboard_Actions_in_Selenium.Example3" time="12.577" errors="0" timestamp="2024-02-14T08:34:27 EST" skipped="0">
  <testcase classname="com.automation.Feb_10_2024_Day21_Keyboard_Actions_in_Selenium.Example3" name="KeyBoardActions" time="12.577"/>
</testsuite> <!-- com.automation.Feb_10_2024_Day21_Keyboard_Actions_in_Selenium.Example3 -->
