<?xml version="1.0" encoding="UTF-8"?>
<!-- Generated by org.testng.reporters.JUnitReportReporter -->
<testsuite hostname="DESKTOP-P55NFCV" failures="0" tests="1" name="com.TestNG.Jan_26_2024_Day18_TestNG_SuiteFiles_Sanity_Suite.Sanity_RegisterTest" time="0.009" errors="0" timestamp="2024-01-28T15:15:52 EST" skipped="0">
  <testcase classname="com.TestNG.Jan_26_2024_Day18_TestNG_SuiteFiles_Sanity_Suite.Sanity_RegisterTest" name="sanityRegisterValidation" time="0.009"/>
</testsuite> <!-- com.TestNG.Jan_26_2024_Day18_TestNG_SuiteFiles_Sanity_Suite.Sanity_RegisterTest -->
