<?xml version="1.0" encoding="UTF-8"?>
<!-- Generated by org.testng.reporters.JUnitReportReporter -->
<testsuite hostname="DESKTOP-P55NFCV" failures="0" tests="8" name="com.TestNG_Jan_13_2024_Day14_TestNG_Repeat_DataDrivenTesting_DataProvider.DataProvider_TN_SameClass" time="106.762" errors="0" timestamp="2024-01-14T15:04:34 EST" skipped="0">
  <testcase classname="com.TestNG_Jan_13_2024_Day14_TestNG_Repeat_DataDrivenTesting_DataProvider.DataProvider_TN_SameClass" name="tNLoginTest" time="10.018"/>
  <testcase classname="com.TestNG_Jan_13_2024_Day14_TestNG_Repeat_DataDrivenTesting_DataProvider.DataProvider_TN_SameClass" name="tNLoginTest" time="20.109"/>
  <testcase classname="com.TestNG_Jan_13_2024_Day14_TestNG_Repeat_DataDrivenTesting_DataProvider.DataProvider_TN_SameClass" name="tNLoginTest" time="12.861"/>
  <testcase classname="com.TestNG_Jan_13_2024_Day14_TestNG_Repeat_DataDrivenTesting_DataProvider.DataProvider_TN_SameClass" name="tNLoginTest" time="19.806"/>
  <testcase classname="com.TestNG_Jan_13_2024_Day14_TestNG_Repeat_DataDrivenTesting_DataProvider.DataProvider_TN_SameClass" name="tNLoginTest" time="10.731"/>
  <testcase classname="com.TestNG_Jan_13_2024_Day14_TestNG_Repeat_DataDrivenTesting_DataProvider.DataProvider_TN_SameClass" name="tNLoginTest" time="11.066"/>
  <testcase classname="com.TestNG_Jan_13_2024_Day14_TestNG_Repeat_DataDrivenTesting_DataProvider.DataProvider_TN_SameClass" name="tNLoginTest" time="12.727"/>
  <testcase classname="com.TestNG_Jan_13_2024_Day14_TestNG_Repeat_DataDrivenTesting_DataProvider.DataProvider_TN_SameClass" name="tNLoginTest" time="9.444"/>
</testsuite> <!-- com.TestNG_Jan_13_2024_Day14_TestNG_Repeat_DataDrivenTesting_DataProvider.DataProvider_TN_SameClass -->
