<?xml version="1.0" encoding="UTF-8"?>
<!-- Generated by org.testng.reporters.JUnitReportReporter -->
<testsuite hostname="DESKTOP-P55NFCV" failures="0" tests="5" name="com.TestNG.Jan_10_2024_Day12_TestNG_Repeat.Priority_OF_Execution" time="54.987" errors="0" timestamp="2024-01-10T11:38:27 EST" skipped="0">
  <testcase classname="com.TestNG.Jan_10_2024_Day12_TestNG_Repeat.Priority_OF_Execution" name="verifyLoginWithValidCredentials" time="12.877"/>
  <testcase classname="com.TestNG.Jan_10_2024_Day12_TestNG_Repeat.Priority_OF_Execution" name="verifyLoginWithInvalidCredetials" time="11.319"/>
  <testcase classname="com.TestNG.Jan_10_2024_Day12_TestNG_Repeat.Priority_OF_Execution" name="verifyLoginWithInvalidEmailValidPassword" time="10.780"/>
  <testcase classname="com.TestNG.Jan_10_2024_Day12_TestNG_Repeat.Priority_OF_Execution" name="verifyLoginWithValidEmailInvalidPassword" time="10.236"/>
  <testcase classname="com.TestNG.Jan_10_2024_Day12_TestNG_Repeat.Priority_OF_Execution" name="verifyLoginWithoutCredentials" time="9.775"/>
</testsuite> <!-- com.TestNG.Jan_10_2024_Day12_TestNG_Repeat.Priority_OF_Execution -->
