<?xml version="1.0" encoding="UTF-8"?>
<!-- Generated by org.testng.reporters.JUnitReportReporter -->
<testsuite hostname="DESKTOP-P55NFCV" failures="0" tests="4" name="com.TestNG.Dec_27_2023_Day9_TestNG.ClassAssignment_Utilclass_Register" time="48.561" errors="0" timestamp="2024-01-28T17:26:10 EST" skipped="0">
  <testcase classname="com.TestNG.Dec_27_2023_Day9_TestNG.ClassAssignment_Utilclass_Register" name="verifyRegisterWithMandatoryFields" time="12.918"/>
  <testcase classname="com.TestNG.Dec_27_2023_Day9_TestNG.ClassAssignment_Utilclass_Register" name="verifyRegisterWithAllFields" time="11.685"/>
  <testcase classname="com.TestNG.Dec_27_2023_Day9_TestNG.ClassAssignment_Utilclass_Register" name="verifyRegisterWithExistingEmail" time="13.076"/>
  <testcase classname="com.TestNG.Dec_27_2023_Day9_TestNG.ClassAssignment_Utilclass_Register" name="verifyRegisterWithNoDetails" time="10.882"/>
</testsuite> <!-- com.TestNG.Dec_27_2023_Day9_TestNG.ClassAssignment_Utilclass_Register -->
