<?xml version="1.0" encoding="UTF-8"?>
<!-- Generated by org.testng.reporters.JUnitReportReporter -->
<testsuite hostname="DESKTOP-P55NFCV" failures="0" tests="1" name="com.TestNG.Jan_26_2024_Day18_TestNG_SuiteFiles_Smoke_Suite.Smoke_SearchProductTest" time="0.006" errors="0" timestamp="2024-01-28T15:15:52 EST" skipped="0">
  <testcase classname="com.TestNG.Jan_26_2024_Day18_TestNG_SuiteFiles_Smoke_Suite.Smoke_SearchProductTest" name="smokeSearchProductValidation" time="0.006"/>
</testsuite> <!-- com.TestNG.Jan_26_2024_Day18_TestNG_SuiteFiles_Smoke_Suite.Smoke_SearchProductTest -->
