<?xml version="1.0" encoding="UTF-8"?>
<!-- Generated by org.testng.reporters.JUnitReportReporter -->
<testsuite hostname="DESKTOP-P55NFCV" failures="0" tests="1" name="com.TestNG.Jan_13_Day14_TestNG_testing.Xml.Parameterization_Using_TestNGxml_File" time="12.061" errors="0" timestamp="2024-01-28T19:22:13 EST" skipped="0">
  <testcase classname="com.TestNG.Jan_13_Day14_TestNG_testing.Xml.Parameterization_Using_TestNGxml_File" name="verifyLoginWithValidCredentials" time="12.061"/>
</testsuite> <!-- com.TestNG.Jan_13_Day14_TestNG_testing.Xml.Parameterization_Using_TestNGxml_File -->
