<?xml version="1.0" encoding="UTF-8"?>
<!-- Generated by org.testng.reporters.JUnitReportReporter -->
<testsuite hostname="DESKTOP-P55NFCV" failures="0" tests="1" name="com.automation.Feb_10_2024_Day21_DynamicDropdown.Looping_Dropdown" time="33.199" errors="0" timestamp="2024-02-11T12:19:18 EST" skipped="0">
  <testcase classname="com.automation.Feb_10_2024_Day21_DynamicDropdown.Looping_Dropdown" name="easeMyTripTravellersLooping" time="33.199"/>
</testsuite> <!-- com.automation.Feb_10_2024_Day21_DynamicDropdown.Looping_Dropdown -->
