<?xml version="1.0" encoding="UTF-8"?>
<!-- Generated by org.testng.reporters.JUnitReportReporter -->
<testsuite hostname="DESKTOP-P55NFCV" failures="0" tests="1" name="com.automation.Feb_8_2024_Day21_Waits_In_Selenium.TN_ImplicitWait" time="14.059" errors="0" timestamp="2024-02-09T10:58:26 EST" skipped="0">
  <testcase classname="com.automation.Feb_8_2024_Day21_Waits_In_Selenium.TN_ImplicitWait" name="tnExplicitWaitTest" time="14.059"/>
</testsuite> <!-- com.automation.Feb_8_2024_Day21_Waits_In_Selenium.TN_ImplicitWait -->
