<?xml version="1.0" encoding="UTF-8"?>
<!-- Generated by org.testng.reporters.JUnitReportReporter -->
<testsuite hostname="DESKTOP-P55NFCV" failures="0" tests="1" name="com.automation.Feb_9_2024_Day21_Mouse_Actions_in_Selenium.Example1" time="42.014" errors="0" timestamp="2024-02-10T11:14:26 EST" skipped="0">
  <testcase classname="com.automation.Feb_9_2024_Day21_Mouse_Actions_in_Selenium.Example1" name="easyMyTripMouseActions" time="42.014"/>
</testsuite> <!-- com.automation.Feb_9_2024_Day21_Mouse_Actions_in_Selenium.Example1 -->
