<?xml version="1.0" encoding="UTF-8"?>
<!-- Generated by org.testng.reporters.JUnitReportReporter -->
<testsuite hostname="DESKTOP-P55NFCV" failures="0" tests="1" name="com.automation.Feb_10_2024_Day21_Zoom_in_OUt.RediffZoomIn_Out" time="23.537" errors="0" timestamp="2024-02-10T21:54:03 EST" skipped="0">
  <testcase classname="com.automation.Feb_10_2024_Day21_Zoom_in_OUt.RediffZoomIn_Out" name="loginTest" time="23.537"/>
</testsuite> <!-- com.automation.Feb_10_2024_Day21_Zoom_in_OUt.RediffZoomIn_Out -->
