<?xml version="1.0" encoding="UTF-8"?>
<!-- Generated by org.testng.reporters.JUnitReportReporter -->
<testsuite hostname="DESKTOP-P55NFCV" failures="0" tests="4" name="com.TestNG.Jan_16_Day15_Application_Of_OOPs.RegisterTest" time="65.513" errors="0" timestamp="2024-01-29T08:40:15 EST" skipped="0">
  <testcase classname="com.TestNG.Jan_16_Day15_Application_Of_OOPs.RegisterTest" name="VerifyingRegisterWithMandatoryFields" time="24.972"/>
  <testcase classname="com.TestNG.Jan_16_Day15_Application_Of_OOPs.RegisterTest" name="VerifyingRegisterWithAllFields" time="16.954"/>
  <testcase classname="com.TestNG.Jan_16_Day15_Application_Of_OOPs.RegisterTest" name="VerifyingRegisterWithExistingEmail" time="12.450"/>
  <testcase classname="com.TestNG.Jan_16_Day15_Application_Of_OOPs.RegisterTest" name="VerifyingRegisterWithNoFields" time="11.137"/>
</testsuite> <!-- com.TestNG.Jan_16_Day15_Application_Of_OOPs.RegisterTest -->
