<?xml version="1.0" encoding="UTF-8"?>
<!-- Generated by org.testng.reporters.JUnitReportReporter -->
<testsuite hostname="DESKTOP-P55NFCV" failures="0" tests="3" name="com.TestNG.Jan_10_2024_Day12_TestNG_Repeat.Enabling_Disabling_Test_Case" time="0.034" errors="0" timestamp="2024-01-11T09:33:10 EST" skipped="1">
  <testcase classname="com.TestNG.Jan_10_2024_Day12_TestNG_Repeat.Enabling_Disabling_Test_Case" name="logic1" time="0.026"/>
  <testcase classname="com.TestNG.Jan_10_2024_Day12_TestNG_Repeat.Enabling_Disabling_Test_Case" name="logic3" time="0.008"/>
  <testcase classname="com.TestNG.Jan_10_2024_Day12_TestNG_Repeat.Enabling_Disabling_Test_Case" name="logic2">
    <skipped/>
  </testcase> <!-- logic2 -->
</testsuite> <!-- com.TestNG.Jan_10_2024_Day12_TestNG_Repeat.Enabling_Disabling_Test_Case -->
