<?xml version="1.0" encoding="UTF-8"?>
<!-- Generated by org.testng.reporters.JUnitReportReporter -->
<testsuite hostname="DESKTOP-P55NFCV" failures="0" tests="1" name="com.TestNG.Jan_20_2024_Day16_Application_Of_OOPS_Interface.AutomationCode" time="33.439" errors="0" timestamp="2024-01-20T23:09:14 EST" skipped="0">
  <testcase classname="com.TestNG.Jan_20_2024_Day16_Application_Of_OOPS_Interface.AutomationCode" name="setup" time="33.439"/>
</testsuite> <!-- com.TestNG.Jan_20_2024_Day16_Application_Of_OOPS_Interface.AutomationCode -->
