<?xml version="1.0" encoding="UTF-8"?>
<!-- Generated by org.testng.reporters.JUnitReportReporter -->
<testsuite hostname="DESKTOP-P55NFCV" failures="0" tests="16" name="reading_Data_From_Excel.Rediff_And_TN_LoginTest" time="207.326" errors="0" timestamp="2024-01-09T21:10:03 EST" skipped="0">
  <testcase classname="reading_Data_From_Excel.Rediff_And_TN_LoginTest" name="tutorialsNinjaLoginTest" time="10.289"/>
  <testcase classname="reading_Data_From_Excel.Rediff_And_TN_LoginTest" name="tutorialsNinjaLoginTest" time="10.965"/>
  <testcase classname="reading_Data_From_Excel.Rediff_And_TN_LoginTest" name="tutorialsNinjaLoginTest" time="13.709"/>
  <testcase classname="reading_Data_From_Excel.Rediff_And_TN_LoginTest" name="tutorialsNinjaLoginTest" time="12.274"/>
  <testcase classname="reading_Data_From_Excel.Rediff_And_TN_LoginTest" name="tutorialsNinjaLoginTest" time="11.175"/>
  <testcase classname="reading_Data_From_Excel.Rediff_And_TN_LoginTest" name="tutorialsNinjaLoginTest" time="9.263"/>
  <testcase classname="reading_Data_From_Excel.Rediff_And_TN_LoginTest" name="tutorialsNinjaLoginTest" time="13.566"/>
  <testcase classname="reading_Data_From_Excel.Rediff_And_TN_LoginTest" name="tutorialsNinjaLoginTest" time="27.867"/>
  <testcase classname="reading_Data_From_Excel.Rediff_And_TN_LoginTest" name="tutorialsNinjaLoginTest" time="14.110"/>
  <testcase classname="reading_Data_From_Excel.Rediff_And_TN_LoginTest" name="tutorialsNinjaLoginTest" time="14.570"/>
  <testcase classname="reading_Data_From_Excel.Rediff_And_TN_LoginTest" name="tutorialsNinjaLoginTest" time="13.289"/>
  <testcase classname="reading_Data_From_Excel.Rediff_And_TN_LoginTest" name="rediffLoginTest" time="10.799"/>
  <testcase classname="reading_Data_From_Excel.Rediff_And_TN_LoginTest" name="rediffLoginTest" time="11.024"/>
  <testcase classname="reading_Data_From_Excel.Rediff_And_TN_LoginTest" name="rediffLoginTest" time="9.895"/>
  <testcase classname="reading_Data_From_Excel.Rediff_And_TN_LoginTest" name="rediffLoginTest" time="12.942"/>
  <testcase classname="reading_Data_From_Excel.Rediff_And_TN_LoginTest" name="rediffLoginTest" time="11.589"/>
</testsuite> <!-- reading_Data_From_Excel.Rediff_And_TN_LoginTest -->
