<?xml version="1.0" encoding="UTF-8"?>
<!-- Generated by org.testng.reporters.JUnitReportReporter -->
<testsuite hostname="DESKTOP-P55NFCV" failures="0" tests="7" name="com.TestNG.Jan_10_2024_Day12_TestNG_Repeat.Executing_A_Test_Case_Multiple_Times" time="0.060" errors="0" timestamp="2024-01-11T11:44:01 EST" skipped="0">
  <testcase classname="com.TestNG.Jan_10_2024_Day12_TestNG_Repeat.Executing_A_Test_Case_Multiple_Times" name="Logic1" time="0.023"/>
  <testcase classname="com.TestNG.Jan_10_2024_Day12_TestNG_Repeat.Executing_A_Test_Case_Multiple_Times" name="Logic2" time="0.005"/>
  <testcase classname="com.TestNG.Jan_10_2024_Day12_TestNG_Repeat.Executing_A_Test_Case_Multiple_Times" name="Logic3" time="0.007"/>
  <testcase classname="com.TestNG.Jan_10_2024_Day12_TestNG_Repeat.Executing_A_Test_Case_Multiple_Times" name="Logic3" time="0.007"/>
  <testcase classname="com.TestNG.Jan_10_2024_Day12_TestNG_Repeat.Executing_A_Test_Case_Multiple_Times" name="Logic3" time="0.006"/>
  <testcase classname="com.TestNG.Jan_10_2024_Day12_TestNG_Repeat.Executing_A_Test_Case_Multiple_Times" name="Logic3" time="0.006"/>
  <testcase classname="com.TestNG.Jan_10_2024_Day12_TestNG_Repeat.Executing_A_Test_Case_Multiple_Times" name="Logic3" time="0.006"/>
</testsuite> <!-- com.TestNG.Jan_10_2024_Day12_TestNG_Repeat.Executing_A_Test_Case_Multiple_Times -->
