<?xml version="1.0" encoding="UTF-8"?>
<!-- Generated by org.testng.reporters.JUnitReportReporter -->
<testsuite hostname="DESKTOP-P55NFCV" failures="0" tests="3" name="com.TestNG.Jan_16_Day15_Application_Of_OOPs.SearchProductTest" time="26.884" errors="0" timestamp="2024-01-16T21:17:42 EST" skipped="0">
  <testcase classname="com.TestNG.Jan_16_Day15_Application_Of_OOPs.SearchProductTest" name="verifySearchWithValidProduct" time="11.637"/>
  <testcase classname="com.TestNG.Jan_16_Day15_Application_Of_OOPs.SearchProductTest" name="verifySearchWithInvalidProduct" time="7.905"/>
  <testcase classname="com.TestNG.Jan_16_Day15_Application_Of_OOPs.SearchProductTest" name="verifySearchWithNoProduct" time="7.342"/>
</testsuite> <!-- com.TestNG.Jan_16_Day15_Application_Of_OOPs.SearchProductTest -->
