<?xml version="1.0" encoding="UTF-8"?>
<!-- Generated by org.testng.reporters.JUnitReportReporter -->
<testsuite hostname="DESKTOP-P55NFCV" failures="0" tests="2" name="com.TestNG.Dec_24_2023_Day8_TestNGBasics.Apply_TriCombo_Automation" time="36.855" errors="0" timestamp="2023-12-25T13:12:14 EST" skipped="0">
  <testcase classname="com.TestNG.Dec_24_2023_Day8_TestNGBasics.Apply_TriCombo_Automation" name="SelectregisterOption" time="11.869"/>
  <testcase classname="com.TestNG.Dec_24_2023_Day8_TestNGBasics.Apply_TriCombo_Automation" name="SelectLoginOption" time="24.986"/>
</testsuite> <!-- com.TestNG.Dec_24_2023_Day8_TestNGBasics.Apply_TriCombo_Automation -->
