<?xml version="1.0" encoding="UTF-8"?>
<!-- Generated by org.testng.reporters.JUnitReportReporter -->
<testsuite hostname="DESKTOP-P55NFCV" failures="0" tests="3" name="com.TestNG.Dec_27_2023_Day9_TestNG.DependenciesOnMethods" time="41.153" errors="0" timestamp="2023-12-27T23:40:08 EST" skipped="0">
  <testcase classname="com.TestNG.Dec_27_2023_Day9_TestNG.DependenciesOnMethods" name="login" time="9.559"/>
  <testcase classname="com.TestNG.Dec_27_2023_Day9_TestNG.DependenciesOnMethods" name="logout" time="14.397"/>
  <testcase classname="com.TestNG.Dec_27_2023_Day9_TestNG.DependenciesOnMethods" name="continueButtonOnLogoutPage" time="17.197"/>
</testsuite> <!-- com.TestNG.Dec_27_2023_Day9_TestNG.DependenciesOnMethods -->
