<?xml version="1.0" encoding="UTF-8"?>
<!-- Generated by org.testng.reporters.JUnitReportReporter -->
<testsuite hostname="DESKTOP-P55NFCV" failures="0" tests="3" name="com.TestNG.Jan_10_2024_Day12_TestNG_Repeat.HeadlessMode_ChromeOptions" time="28.868" errors="0" timestamp="2024-01-11T08:40:51 EST" skipped="0">
  <testcase classname="com.TestNG.Jan_10_2024_Day12_TestNG_Repeat.HeadlessMode_ChromeOptions" name="verifySearchWithValidProduct" time="5.513"/>
  <testcase classname="com.TestNG.Jan_10_2024_Day12_TestNG_Repeat.HeadlessMode_ChromeOptions" name="verifySearchWithInvalidProduct" time="4.777"/>
  <testcase classname="com.TestNG.Jan_10_2024_Day12_TestNG_Repeat.HeadlessMode_ChromeOptions" name="verifySearchWithNoProduct" time="18.578"/>
</testsuite> <!-- com.TestNG.Jan_10_2024_Day12_TestNG_Repeat.HeadlessMode_ChromeOptions -->
