<?xml version="1.0" encoding="UTF-8"?>
<!-- Generated by org.testng.reporters.JUnitReportReporter -->
<testsuite hostname="DESKTOP-P55NFCV" failures="0" tests="4" name="com.TestNG.Jan_10_2024_Day12_TestNG_Repeat.Assignment2" time="32.388" errors="0" timestamp="2024-01-10T15:16:58 EST" skipped="0">
  <testcase classname="com.TestNG.Jan_10_2024_Day12_TestNG_Repeat.Assignment2" name="verifyRegisterWithMandatoryDetails" time="7.701"/>
  <testcase classname="com.TestNG.Jan_10_2024_Day12_TestNG_Repeat.Assignment2" name="verifyRegisterWithAllDetails" time="8.367"/>
  <testcase classname="com.TestNG.Jan_10_2024_Day12_TestNG_Repeat.Assignment2" name="verifyRegisterWithExistingEmail" time="8.047"/>
  <testcase classname="com.TestNG.Jan_10_2024_Day12_TestNG_Repeat.Assignment2" name="verifyRegisterWithNoDetails" time="8.273"/>
</testsuite> <!-- com.TestNG.Jan_10_2024_Day12_TestNG_Repeat.Assignment2 -->
