<?xml version="1.0" encoding="UTF-8"?>
<!-- Generated by org.testng.reporters.JUnitReportReporter -->
<testsuite hostname="DESKTOP-P55NFCV" failures="0" tests="2" name="com.automation.Feb_10_2024_Day21_Keyboard_Actions_in_Selenium.Example1" time="31.426" errors="0" timestamp="2024-02-13T21:25:28 EST" skipped="0">
  <testcase classname="com.automation.Feb_10_2024_Day21_Keyboard_Actions_in_Selenium.Example1" name="reddiffLogin2" time="16.092"/>
  <testcase classname="com.automation.Feb_10_2024_Day21_Keyboard_Actions_in_Selenium.Example1" name="reddiffLogin1" time="15.334"/>
</testsuite> <!-- com.automation.Feb_10_2024_Day21_Keyboard_Actions_in_Selenium.Example1 -->
