<?xml version="1.0" encoding="UTF-8"?>
<!-- Generated by org.testng.reporters.JUnitReportReporter -->
<testsuite hostname="DESKTOP-P55NFCV" failures="0" tests="1" name="com.automation.Dec_27_2023_Day9_ApplicationOfStrings.ValidatingStringMethods" time="14.484" errors="0" timestamp="2023-12-27T22:47:14 EST" skipped="0">
  <testcase classname="com.automation.Dec_27_2023_Day9_ApplicationOfStrings.ValidatingStringMethods" name="checkingEqualsMethod" time="14.484"/>
</testsuite> <!-- com.automation.Dec_27_2023_Day9_ApplicationOfStrings.ValidatingStringMethods -->
