<?xml version="1.0" encoding="UTF-8"?>
<!-- Generated by org.testng.reporters.JUnitReportReporter -->
<testsuite hostname="DESKTOP-P55NFCV" failures="0" tests="2" name="com.TestNG.Dec_24_2023_Day8_TestNGBasics.Annotations_TestNG" time="0.029" errors="0" timestamp="2023-12-25T12:27:01 EST" skipped="0">
  <testcase classname="com.TestNG.Dec_24_2023_Day8_TestNGBasics.Annotations_TestNG" name="testCase2" time="0.008"/>
  <testcase classname="com.TestNG.Dec_24_2023_Day8_TestNGBasics.Annotations_TestNG" name="testCase1" time="0.021"/>
</testsuite> <!-- com.TestNG.Dec_24_2023_Day8_TestNGBasics.Annotations_TestNG -->
