<?xml version="1.0" encoding="UTF-8"?>
<!-- Generated by org.testng.reporters.JUnitReportReporter -->
<testsuite hostname="DESKTOP-P55NFCV" failures="0" tests="4" name="com.TestNG.Dec_27_2023_Day9_TestNG.ClassAssignment_Utilclass_Register" time="106.747" errors="0" timestamp="2024-01-12T09:53:25 EST" skipped="0">
  <testcase classname="com.TestNG.Dec_27_2023_Day9_TestNG.ClassAssignment_Utilclass_Register" name="verifyRegisterWithMandatoryFields" time="22.960"/>
  <testcase classname="com.TestNG.Dec_27_2023_Day9_TestNG.ClassAssignment_Utilclass_Register" name="verifyRegisterWithAllFields" time="20.888"/>
  <testcase classname="com.TestNG.Dec_27_2023_Day9_TestNG.ClassAssignment_Utilclass_Register" name="verifyRegisterWithExistingEmail" time="40.124"/>
  <testcase classname="com.TestNG.Dec_27_2023_Day9_TestNG.ClassAssignment_Utilclass_Register" name="verifyRegisterWithNoDetails" time="22.775"/>
</testsuite> <!-- com.TestNG.Dec_27_2023_Day9_TestNG.ClassAssignment_Utilclass_Register -->
