<?xml version="1.0" encoding="UTF-8"?>
<!-- Generated by org.testng.reporters.JUnitReportReporter -->
<testsuite hostname="DESKTOP-P55NFCV" failures="0" tests="2" name="com.TestNG.Dec_24_2023_Day8_TestNGBasics.SettingPriority_TestCases" time="9.494" errors="0" timestamp="2023-12-25T13:45:36 EST" skipped="1">
  <testcase classname="com.TestNG.Dec_24_2023_Day8_TestNGBasics.SettingPriority_TestCases" name="SelectLoginOption" time="9.494"/>
  <testcase classname="com.TestNG.Dec_24_2023_Day8_TestNGBasics.SettingPriority_TestCases" name="SelectregisterOption">
    <skipped/>
  </testcase> <!-- SelectregisterOption -->
</testsuite> <!-- com.TestNG.Dec_24_2023_Day8_TestNGBasics.SettingPriority_TestCases -->
