<?xml version="1.0" encoding="UTF-8"?>
<!-- Generated by org.testng.reporters.JUnitReportReporter -->
<testsuite hostname="DESKTOP-P55NFCV" failures="0" tests="11" name="reading_Data_From_Excel.Rediff_And_TN_LoginTest" time="126.420" errors="0" timestamp="2024-01-14T21:30:37 EST" skipped="0">
  <testcase classname="reading_Data_From_Excel.Rediff_And_TN_LoginTest" name="tutorialsNinjaLoginTest" time="11.956"/>
  <testcase classname="reading_Data_From_Excel.Rediff_And_TN_LoginTest" name="tutorialsNinjaLoginTest" time="9.777"/>
  <testcase classname="reading_Data_From_Excel.Rediff_And_TN_LoginTest" name="tutorialsNinjaLoginTest" time="10.002"/>
  <testcase classname="reading_Data_From_Excel.Rediff_And_TN_LoginTest" name="tutorialsNinjaLoginTest" time="10.684"/>
  <testcase classname="reading_Data_From_Excel.Rediff_And_TN_LoginTest" name="tutorialsNinjaLoginTest" time="11.272"/>
  <testcase classname="reading_Data_From_Excel.Rediff_And_TN_LoginTest" name="tutorialsNinjaLoginTest" time="12.573"/>
  <testcase classname="reading_Data_From_Excel.Rediff_And_TN_LoginTest" name="tutorialsNinjaLoginTest" time="14.102"/>
  <testcase classname="reading_Data_From_Excel.Rediff_And_TN_LoginTest" name="tutorialsNinjaLoginTest" time="9.704"/>
  <testcase classname="reading_Data_From_Excel.Rediff_And_TN_LoginTest" name="tutorialsNinjaLoginTest" time="12.367"/>
  <testcase classname="reading_Data_From_Excel.Rediff_And_TN_LoginTest" name="tutorialsNinjaLoginTest" time="11.737"/>
  <testcase classname="reading_Data_From_Excel.Rediff_And_TN_LoginTest" name="tutorialsNinjaLoginTest" time="12.246"/>
</testsuite> <!-- reading_Data_From_Excel.Rediff_And_TN_LoginTest -->
