<?xml version="1.0" encoding="UTF-8"?>
<!-- Generated by org.testng.reporters.JUnitReportReporter -->
<testsuite hostname="DESKTOP-P55NFCV" failures="0" tests="3" name="com.TestNG.Jan_03_2024_Day10_TestNG_DataProvider.Rules_DataProvider" time="0.039" errors="0" timestamp="2024-01-04T09:22:07 EST" skipped="0">
  <testcase classname="com.TestNG.Jan_03_2024_Day10_TestNG_DataProvider.Rules_DataProvider" name="loginTest" time="0.006"/>
  <testcase classname="com.TestNG.Jan_03_2024_Day10_TestNG_DataProvider.Rules_DataProvider" name="loginTest" time="0.027"/>
  <testcase classname="com.TestNG.Jan_03_2024_Day10_TestNG_DataProvider.Rules_DataProvider" name="loginTest" time="0.006"/>
</testsuite> <!-- com.TestNG.Jan_03_2024_Day10_TestNG_DataProvider.Rules_DataProvider -->
