<?xml version="1.0" encoding="UTF-8"?>
<!-- Generated by org.testng.reporters.JUnitReportReporter -->
<testsuite hostname="DESKTOP-P55NFCV" failures="0" tests="3" name="com.TestNG.Dec_27_2023_Day9_TestNG.Assertions_InTestNG" time="50.536" errors="0" timestamp="2024-01-28T16:39:09 EST" skipped="0">
  <testcase classname="com.TestNG.Dec_27_2023_Day9_TestNG.Assertions_InTestNG" name="login" time="15.239"/>
  <testcase classname="com.TestNG.Dec_27_2023_Day9_TestNG.Assertions_InTestNG" name="logout" time="12.500"/>
  <testcase classname="com.TestNG.Dec_27_2023_Day9_TestNG.Assertions_InTestNG" name="continueButtonOnLogoutPage" time="22.797"/>
</testsuite> <!-- com.TestNG.Dec_27_2023_Day9_TestNG.Assertions_InTestNG -->
