<?xml version="1.0" encoding="UTF-8"?>
<!-- Generated by org.testng.reporters.JUnitReportReporter -->
<testsuite hostname="DESKTOP-P55NFCV" failures="0" tests="1" name="com.automation.Feb_14_2024_Day22_WebTables.RediffWebTable_Assignment" time="20.113" errors="0" timestamp="2024-02-16T10:15:51 EST" skipped="0">
  <testcase classname="com.automation.Feb_14_2024_Day22_WebTables.RediffWebTable_Assignment" name="FindPriceOfCompanyIn_the_Specefic_Row" time="20.113"/>
</testsuite> <!-- com.automation.Feb_14_2024_Day22_WebTables.RediffWebTable_Assignment -->
