<?xml version="1.0" encoding="UTF-8"?>
<!-- Generated by org.testng.reporters.JUnitReportReporter -->
<testsuite hostname="DESKTOP-P55NFCV" failures="0" tests="2" name="com.TestNG.Dec_24_2023_Day8_TestNGBasics.Class_Assignment" time="20.224" errors="0" timestamp="2023-12-25T15:08:47 EST" skipped="0">
  <testcase classname="com.TestNG.Dec_24_2023_Day8_TestNGBasics.Class_Assignment" name="LoginOption" time="11.173"/>
  <testcase classname="com.TestNG.Dec_24_2023_Day8_TestNGBasics.Class_Assignment" name="registerOptiion" time="9.051"/>
</testsuite> <!-- com.TestNG.Dec_24_2023_Day8_TestNGBasics.Class_Assignment -->
