<?xml version="1.0" encoding="UTF-8"?>
<!-- Generated by org.testng.reporters.JUnitReportReporter -->
<testsuite hostname="DESKTOP-P55NFCV" failures="0" tests="10" name="com.TestNG.Dec_27_2023_Day9_TestNG.RunATestMultipleTimes" time="130.756" errors="0" timestamp="2024-01-02T08:28:48 EST" skipped="0">
  <testcase classname="com.TestNG.Dec_27_2023_Day9_TestNG.RunATestMultipleTimes" name="openBrowser" time="29.219"/>
  <testcase classname="com.TestNG.Dec_27_2023_Day9_TestNG.RunATestMultipleTimes" name="openBrowser" time="12.811"/>
  <testcase classname="com.TestNG.Dec_27_2023_Day9_TestNG.RunATestMultipleTimes" name="openBrowser" time="12.659"/>
  <testcase classname="com.TestNG.Dec_27_2023_Day9_TestNG.RunATestMultipleTimes" name="openBrowser" time="10.914"/>
  <testcase classname="com.TestNG.Dec_27_2023_Day9_TestNG.RunATestMultipleTimes" name="openBrowser" time="11.019"/>
  <testcase classname="com.TestNG.Dec_27_2023_Day9_TestNG.RunATestMultipleTimes" name="openBrowser" time="9.595"/>
  <testcase classname="com.TestNG.Dec_27_2023_Day9_TestNG.RunATestMultipleTimes" name="openBrowser" time="13.524"/>
  <testcase classname="com.TestNG.Dec_27_2023_Day9_TestNG.RunATestMultipleTimes" name="openBrowser" time="10.594"/>
  <testcase classname="com.TestNG.Dec_27_2023_Day9_TestNG.RunATestMultipleTimes" name="openBrowser" time="10.208"/>
  <testcase classname="com.TestNG.Dec_27_2023_Day9_TestNG.RunATestMultipleTimes" name="openBrowser" time="10.213"/>
</testsuite> <!-- com.TestNG.Dec_27_2023_Day9_TestNG.RunATestMultipleTimes -->
