<?xml version="1.0" encoding="UTF-8"?>
<!-- Generated by org.testng.reporters.JUnitReportReporter -->
<testsuite hostname="DESKTOP-P55NFCV" failures="0" tests="1" name="com.TestNG_Jan_13_2024_Day14_TestNG_Repeat_DataDrivenTesting.HowToReadFromPropertiesFile" time="17.134" errors="0" timestamp="2024-01-14T09:53:08 EST" skipped="0">
  <testcase classname="com.TestNG_Jan_13_2024_Day14_TestNG_Repeat_DataDrivenTesting.HowToReadFromPropertiesFile" name="readingFromPropertiesFile" time="17.134"/>
</testsuite> <!-- com.TestNG_Jan_13_2024_Day14_TestNG_Repeat_DataDrivenTesting.HowToReadFromPropertiesFile -->
