<?xml version="1.0" encoding="UTF-8"?>
<!-- Generated by org.testng.reporters.JUnitReportReporter -->
<testsuite hostname="DESKTOP-P55NFCV" failures="0" tests="4" name="com.TestNG.Dec_27_2023_Day9_TestNG.ClassAssignment_Register" time="52.178" errors="0" timestamp="2024-01-01T22:11:28 EST" skipped="0">
  <testcase classname="com.TestNG.Dec_27_2023_Day9_TestNG.ClassAssignment_Register" name="verifyRegisterWithMandatoryFields" time="12.956"/>
  <testcase classname="com.TestNG.Dec_27_2023_Day9_TestNG.ClassAssignment_Register" name="verifyRegisterWithAllFields" time="13.672"/>
  <testcase classname="com.TestNG.Dec_27_2023_Day9_TestNG.ClassAssignment_Register" name="verifyRegisterWithExistingEmail" time="12.406"/>
  <testcase classname="com.TestNG.Dec_27_2023_Day9_TestNG.ClassAssignment_Register" name="verifyRegisterWithNoDetails" time="13.144"/>
</testsuite> <!-- com.TestNG.Dec_27_2023_Day9_TestNG.ClassAssignment_Register -->
