<?xml version="1.0" encoding="UTF-8"?>
<!-- Generated by org.testng.reporters.JUnitReportReporter -->
<testsuite hostname="DESKTOP-P55NFCV" failures="0" tests="2" name="com.TestNG.Jan_10_2024_Day12_TestNG_Repeat.Annotation_Of_TestNG" time="0.046" errors="0" timestamp="2024-01-10T10:12:32 EST" skipped="0">
  <testcase classname="com.TestNG.Jan_10_2024_Day12_TestNG_Repeat.Annotation_Of_TestNG" name="testCase1" time="0.027"/>
  <testcase classname="com.TestNG.Jan_10_2024_Day12_TestNG_Repeat.Annotation_Of_TestNG" name="testCase2" time="0.019"/>
</testsuite> <!-- com.TestNG.Jan_10_2024_Day12_TestNG_Repeat.Annotation_Of_TestNG -->
