<?xml version="1.0" encoding="UTF-8"?>
<!-- Generated by org.testng.reporters.JUnitReportReporter -->
<testsuite hostname="DESKTOP-P55NFCV" failures="0" tests="5" name="com.TestNG.Jan_16_Day15_Application_Of_OOPs.LoginTest" time="60.987" errors="0" timestamp="2024-01-28T15:01:03 EST" skipped="0">
  <testcase classname="com.TestNG.Jan_16_Day15_Application_Of_OOPs.LoginTest" name="verifyLoginWithValidCredentials" time="15.069"/>
  <testcase classname="com.TestNG.Jan_16_Day15_Application_Of_OOPs.LoginTest" name="verifyLoginWithInvalidCredentials" time="10.360"/>
  <testcase classname="com.TestNG.Jan_16_Day15_Application_Of_OOPs.LoginTest" name="verifyLoginWithValidEmailInvalidPassword" time="12.134"/>
  <testcase classname="com.TestNG.Jan_16_Day15_Application_Of_OOPs.LoginTest" name="verifyLoginWithInvalidEmailValidPassword" time="11.564"/>
  <testcase classname="com.TestNG.Jan_16_Day15_Application_Of_OOPs.LoginTest" name="verifyLoginWitNoCredentials" time="11.860"/>
</testsuite> <!-- com.TestNG.Jan_16_Day15_Application_Of_OOPs.LoginTest -->
