<?xml version="1.0" encoding="UTF-8"?>
<!-- Generated by org.testng.reporters.JUnitReportReporter -->
<testsuite hostname="DESKTOP-P55NFCV" failures="0" tests="3" name="com.TestNG.Jan_10_2024_Day12_TestNG_Repeat.Speciality_Of_BeforeMthod_and_AfterMethod" time="0.048" errors="0" timestamp="2024-01-10T11:00:36 EST" skipped="0">
  <testcase classname="com.TestNG.Jan_10_2024_Day12_TestNG_Repeat.Speciality_Of_BeforeMthod_and_AfterMethod" name="testCase1" time="0.035"/>
  <testcase classname="com.TestNG.Jan_10_2024_Day12_TestNG_Repeat.Speciality_Of_BeforeMthod_and_AfterMethod" name="testCase2" time="0.010"/>
  <testcase classname="com.TestNG.Jan_10_2024_Day12_TestNG_Repeat.Speciality_Of_BeforeMthod_and_AfterMethod" name="testCase3" time="0.003"/>
</testsuite> <!-- com.TestNG.Jan_10_2024_Day12_TestNG_Repeat.Speciality_Of_BeforeMthod_and_AfterMethod -->
