<?xml version="1.0" encoding="UTF-8"?>
<!-- Generated by org.testng.reporters.JUnitReportReporter -->
<testsuite hostname="DESKTOP-P55NFCV" failures="0" tests="3" name="com.TestNG.Dec_24_2023_Day8_TestNGBasics.TriCombo_Annotations" time="0.052" errors="0" timestamp="2023-12-25T13:13:11 EST" skipped="0">
  <testcase classname="com.TestNG.Dec_24_2023_Day8_TestNGBasics.TriCombo_Annotations" name="TestCase1" time="0.040"/>
  <testcase classname="com.TestNG.Dec_24_2023_Day8_TestNGBasics.TriCombo_Annotations" name="TestCase3" time="0.004"/>
  <testcase classname="com.TestNG.Dec_24_2023_Day8_TestNGBasics.TriCombo_Annotations" name="TestCase2" time="0.008"/>
</testsuite> <!-- com.TestNG.Dec_24_2023_Day8_TestNGBasics.TriCombo_Annotations -->
