<?xml version="1.0" encoding="UTF-8"?>
<!-- Generated by org.testng.reporters.JUnitReportReporter -->
<testsuite hostname="DESKTOP-P55NFCV" failures="0" tests="1" name="com.automation.Feb_8_2024_Day21_Waits_In_Selenium.Facebook_WaitConditions" time="39.422" errors="0" timestamp="2024-02-21T00:33:42 EST" skipped="0">
  <testcase classname="com.automation.Feb_8_2024_Day21_Waits_In_Selenium.Facebook_WaitConditions" name="FacebookWebDriverWaitTest" time="39.422"/>
</testsuite> <!-- com.automation.Feb_8_2024_Day21_Waits_In_Selenium.Facebook_WaitConditions -->
