<?xml version="1.0" encoding="UTF-8"?>
<!-- Generated by org.testng.reporters.JUnitReportReporter -->
<testsuite hostname="DESKTOP-P55NFCV" failures="0" tests="24" name="com.TestNG.Jan_03_2024_Day10_TestNG_ExcelSheet_DaatProvider.TestCases" time="306.917" errors="0" timestamp="2024-01-09T21:36:59 EST" skipped="0">
  <testcase classname="com.TestNG.Jan_03_2024_Day10_TestNG_ExcelSheet_DaatProvider.TestCases" name="LoginTNTest" time="11.816"/>
  <testcase classname="com.TestNG.Jan_03_2024_Day10_TestNG_ExcelSheet_DaatProvider.TestCases" name="LoginTNTest" time="12.510"/>
  <testcase classname="com.TestNG.Jan_03_2024_Day10_TestNG_ExcelSheet_DaatProvider.TestCases" name="LoginTNTest" time="11.208"/>
  <testcase classname="com.TestNG.Jan_03_2024_Day10_TestNG_ExcelSheet_DaatProvider.TestCases" name="LoginTNTest" time="13.275"/>
  <testcase classname="com.TestNG.Jan_03_2024_Day10_TestNG_ExcelSheet_DaatProvider.TestCases" name="LoginTNTest" time="12.272"/>
  <testcase classname="com.TestNG.Jan_03_2024_Day10_TestNG_ExcelSheet_DaatProvider.TestCases" name="LoginTNTest" time="12.365"/>
  <testcase classname="com.TestNG.Jan_03_2024_Day10_TestNG_ExcelSheet_DaatProvider.TestCases" name="LoginTNTest" time="10.355"/>
  <testcase classname="com.TestNG.Jan_03_2024_Day10_TestNG_ExcelSheet_DaatProvider.TestCases" name="LoginTNTest" time="15.865"/>
  <testcase classname="com.TestNG.Jan_03_2024_Day10_TestNG_ExcelSheet_DaatProvider.TestCases" name="LoginTNTest" time="13.751"/>
  <testcase classname="com.TestNG.Jan_03_2024_Day10_TestNG_ExcelSheet_DaatProvider.TestCases" name="LoginTNTest" time="13.347"/>
  <testcase classname="com.TestNG.Jan_03_2024_Day10_TestNG_ExcelSheet_DaatProvider.TestCases" name="registerTNTTest" time="13.750"/>
  <testcase classname="com.TestNG.Jan_03_2024_Day10_TestNG_ExcelSheet_DaatProvider.TestCases" name="registerTNTTest" time="12.481"/>
  <testcase classname="com.TestNG.Jan_03_2024_Day10_TestNG_ExcelSheet_DaatProvider.TestCases" name="registerTNTTest" time="13.022"/>
  <testcase classname="com.TestNG.Jan_03_2024_Day10_TestNG_ExcelSheet_DaatProvider.TestCases" name="registerTNTTest" time="15.850"/>
  <testcase classname="com.TestNG.Jan_03_2024_Day10_TestNG_ExcelSheet_DaatProvider.TestCases" name="registerTNTTest" time="13.536"/>
  <testcase classname="com.TestNG.Jan_03_2024_Day10_TestNG_ExcelSheet_DaatProvider.TestCases" name="registerTNTTest" time="13.595"/>
  <testcase classname="com.TestNG.Jan_03_2024_Day10_TestNG_ExcelSheet_DaatProvider.TestCases" name="registerTNTTest" time="15.242"/>
  <testcase classname="com.TestNG.Jan_03_2024_Day10_TestNG_ExcelSheet_DaatProvider.TestCases" name="registerTNTTest" time="11.764"/>
  <testcase classname="com.TestNG.Jan_03_2024_Day10_TestNG_ExcelSheet_DaatProvider.TestCases" name="registerTNTTest" time="12.618"/>
  <testcase classname="com.TestNG.Jan_03_2024_Day10_TestNG_ExcelSheet_DaatProvider.TestCases" name="rediffLogin" time="13.606"/>
  <testcase classname="com.TestNG.Jan_03_2024_Day10_TestNG_ExcelSheet_DaatProvider.TestCases" name="rediffLogin" time="11.636"/>
  <testcase classname="com.TestNG.Jan_03_2024_Day10_TestNG_ExcelSheet_DaatProvider.TestCases" name="rediffLogin" time="10.435"/>
  <testcase classname="com.TestNG.Jan_03_2024_Day10_TestNG_ExcelSheet_DaatProvider.TestCases" name="rediffLogin" time="11.822"/>
  <testcase classname="com.TestNG.Jan_03_2024_Day10_TestNG_ExcelSheet_DaatProvider.TestCases" name="rediffLogin" time="10.796"/>
</testsuite> <!-- com.TestNG.Jan_03_2024_Day10_TestNG_ExcelSheet_DaatProvider.TestCases -->
