<?xml version="1.0" encoding="UTF-8"?>
<!-- Generated by org.testng.reporters.JUnitReportReporter -->
<testsuite hostname="DESKTOP-P55NFCV" failures="0" tests="1" name="com.TestNG.Jan_20_2024_Day16_Application_Of_OOPS_Encapsulation.LoginTest" time="34.440" errors="0" timestamp="2024-01-21T00:41:31 EST" skipped="0">
  <testcase classname="com.TestNG.Jan_20_2024_Day16_Application_Of_OOPS_Encapsulation.LoginTest" name="loginValidCredentials" time="34.440"/>
</testsuite> <!-- com.TestNG.Jan_20_2024_Day16_Application_Of_OOPS_Encapsulation.LoginTest -->
