<?xml version="1.0" encoding="UTF-8"?>
<!-- Generated by org.testng.reporters.JUnitReportReporter -->
<testsuite hostname="DESKTOP-P55NFCV" failures="0" tests="5" name="reading_Data_From_Excel.RediffLoginTest_Data" time="116.739" errors="0" timestamp="2024-01-09T20:04:06 EST" skipped="0">
  <testcase classname="reading_Data_From_Excel.RediffLoginTest_Data" name="rediffLoginTest" time="21.840"/>
  <testcase classname="reading_Data_From_Excel.RediffLoginTest_Data" name="rediffLoginTest" time="40.407"/>
  <testcase classname="reading_Data_From_Excel.RediffLoginTest_Data" name="rediffLoginTest" time="20.497"/>
  <testcase classname="reading_Data_From_Excel.RediffLoginTest_Data" name="rediffLoginTest" time="18.615"/>
  <testcase classname="reading_Data_From_Excel.RediffLoginTest_Data" name="rediffLoginTest" time="15.380"/>
</testsuite> <!-- reading_Data_From_Excel.RediffLoginTest_Data -->
