<?xml version="1.0" encoding="UTF-8"?>
<!-- Generated by org.testng.reporters.JUnitReportReporter -->
<testsuite hostname="DESKTOP-P55NFCV" failures="0" tests="3" name="com.TestNG.Jan_16_Day15_Application_Of_OOPs.SearchProductTest" time="32.027" errors="0" timestamp="2024-01-28T15:01:03 EST" skipped="0">
  <testcase classname="com.TestNG.Jan_16_Day15_Application_Of_OOPs.SearchProductTest" name="verifySearchWithValidProduct" time="12.459"/>
  <testcase classname="com.TestNG.Jan_16_Day15_Application_Of_OOPs.SearchProductTest" name="verifySearchWithInvalidProduct" time="9.509"/>
  <testcase classname="com.TestNG.Jan_16_Day15_Application_Of_OOPs.SearchProductTest" name="verifySearchWithNoProduct" time="10.059"/>
</testsuite> <!-- com.TestNG.Jan_16_Day15_Application_Of_OOPs.SearchProductTest -->
