<?xml version="1.0" encoding="UTF-8"?>
<!-- Generated by org.testng.reporters.JUnitReportReporter -->
<testsuite hostname="DESKTOP-P55NFCV" failures="0" tests="1" name="com.automation.Feb_10_2024_Day21_ToolTip.Rediff_ToolTips" time="153.865" errors="0" timestamp="2024-02-10T22:23:11 EST" skipped="0">
  <testcase classname="com.automation.Feb_10_2024_Day21_ToolTip.Rediff_ToolTips" name="loginTest" time="153.865"/>
</testsuite> <!-- com.automation.Feb_10_2024_Day21_ToolTip.Rediff_ToolTips -->
