<?xml version="1.0" encoding="UTF-8"?>
<!-- Generated by org.testng.reporters.JUnitReportReporter -->
<testsuite hostname="DESKTOP-P55NFCV" failures="0" tests="1" name="com.TestNG.Jan_16_Day15_Application_Of_OOPs.LoginTest" time="14.652" errors="0" timestamp="2024-02-21T00:34:58 EST" skipped="0">
  <testcase classname="com.TestNG.Jan_16_Day15_Application_Of_OOPs.LoginTest" name="verifyLoginWithValidCredentials" time="14.652"/>
</testsuite> <!-- com.TestNG.Jan_16_Day15_Application_Of_OOPs.LoginTest -->
