<?xml version="1.0" encoding="UTF-8"?>
<!-- Generated by org.testng.reporters.JUnitReportReporter -->
<testsuite hostname="DESKTOP-P55NFCV" failures="0" tests="2" name="com.TestNG.Jan_13_Day14_TestNG_testing.Xml.LoginTest" time="26.401" errors="0" timestamp="2024-01-15T16:43:08 EST" skipped="0">
  <testcase classname="com.TestNG.Jan_13_Day14_TestNG_testing.Xml.LoginTest" name="verifyLoginWithValidCredentials" time="13.252"/>
  <testcase classname="com.TestNG.Jan_13_Day14_TestNG_testing.Xml.LoginTest" name="verifyLoginWithInvalidCredentials" time="13.149"/>
</testsuite> <!-- com.TestNG.Jan_13_Day14_TestNG_testing.Xml.LoginTest -->
