<?xml version="1.0" encoding="UTF-8"?>
<!-- Generated by org.testng.reporters.JUnitReportReporter -->
<testsuite hostname="DESKTOP-P55NFCV" failures="0" tests="5" name="com.TestNG.Jan_10_2024_Day12_TestNG_Repeat.Unerstanding_ChromeOptions" time="35.875" errors="0" timestamp="2024-01-10T12:22:30 EST" skipped="0">
  <testcase classname="com.TestNG.Jan_10_2024_Day12_TestNG_Repeat.Unerstanding_ChromeOptions" name="verifyLoginWithValidCredentials" time="7.139"/>
  <testcase classname="com.TestNG.Jan_10_2024_Day12_TestNG_Repeat.Unerstanding_ChromeOptions" name="verifyLoginWithInvalidCredetials" time="5.906"/>
  <testcase classname="com.TestNG.Jan_10_2024_Day12_TestNG_Repeat.Unerstanding_ChromeOptions" name="verifyLoginWithInvalidEmailValidPassword" time="8.064"/>
  <testcase classname="com.TestNG.Jan_10_2024_Day12_TestNG_Repeat.Unerstanding_ChromeOptions" name="verifyLoginWithValidEmailInvalidPassword" time="7.006"/>
  <testcase classname="com.TestNG.Jan_10_2024_Day12_TestNG_Repeat.Unerstanding_ChromeOptions" name="verifyLoginWithoutCredentials" time="7.760"/>
</testsuite> <!-- com.TestNG.Jan_10_2024_Day12_TestNG_Repeat.Unerstanding_ChromeOptions -->
