<?xml version="1.0" encoding="UTF-8"?>
<!-- Generated by org.testng.reporters.JUnitReportReporter -->
<testsuite hostname="DESKTOP-P55NFCV" failures="0" tests="1" name="com.TestNG.Jan_10_2024_Day12_TestNG_Repeat.Assertions_Assert" time="20.732" errors="0" timestamp="2024-01-12T09:59:53 EST" skipped="0">
  <testcase classname="com.TestNG.Jan_10_2024_Day12_TestNG_Repeat.Assertions_Assert" name="verifyLoginWithInvalidCredentials" time="20.732"/>
</testsuite> <!-- com.TestNG.Jan_10_2024_Day12_TestNG_Repeat.Assertions_Assert -->
