<?xml version="1.0" encoding="UTF-8"?>
<!-- Generated by org.testng.reporters.JUnitReportReporter -->
<testsuite hostname="DESKTOP-P55NFCV" failures="0" tests="3" name="com.TestNG_Jan_13_2024_Day14_TestNG_Repeat_DataDrivenTesting_DataProvider.Topics" time="0.041" errors="0" timestamp="2024-01-14T12:22:06 EST" skipped="0">
  <testcase classname="com.TestNG_Jan_13_2024_Day14_TestNG_Repeat_DataDrivenTesting_DataProvider.Topics" name="loginTest" time="0.030"/>
  <testcase classname="com.TestNG_Jan_13_2024_Day14_TestNG_Repeat_DataDrivenTesting_DataProvider.Topics" name="loginTest" time="0.005"/>
  <testcase classname="com.TestNG_Jan_13_2024_Day14_TestNG_Repeat_DataDrivenTesting_DataProvider.Topics" name="loginTest" time="0.006"/>
</testsuite> <!-- com.TestNG_Jan_13_2024_Day14_TestNG_Repeat_DataDrivenTesting_DataProvider.Topics -->
