<?xml version="1.0" encoding="UTF-8"?>
<!-- Generated by org.testng.reporters.JUnitReportReporter -->
<testsuite hostname="DESKTOP-P55NFCV" failures="0" tests="1" name="com.automation.Feb_10_2024_Day21_DynamicDropdown.Try" time="34.600" errors="0" timestamp="2024-02-11T15:48:09 EST" skipped="0">
  <testcase classname="com.automation.Feb_10_2024_Day21_DynamicDropdown.Try" name="easyMyTrip" time="34.600"/>
</testsuite> <!-- com.automation.Feb_10_2024_Day21_DynamicDropdown.Try -->
