<?xml version="1.0" encoding="UTF-8"?>
<!-- Generated by org.testng.reporters.JUnitReportReporter -->
<testsuite hostname="DESKTOP-P55NFCV" failures="0" tests="1" name="com.automation.Jan_08_2024_Day11_ApplicationofMethodsInAutomation.Program1" time="10.968" errors="0" timestamp="2024-01-08T09:41:58 EST" skipped="0">
  <testcase classname="com.automation.Jan_08_2024_Day11_ApplicationofMethodsInAutomation.Program1" name="initializeBrowserAndOpenApplication" time="10.968"/>
</testsuite> <!-- com.automation.Jan_08_2024_Day11_ApplicationofMethodsInAutomation.Program1 -->
