<?xml version="1.0" encoding="UTF-8"?>
<!-- Generated by org.testng.reporters.JUnitReportReporter -->
<testsuite hostname="DESKTOP-P55NFCV" failures="0" tests="3" name="com.TestNG_Jan_13_2024_Day14_TestNG_Repeat_DataDrivenTesting_DataProvider.DataProvider_In_The_Same_Class_With_TestCase" time="0.040" errors="0" timestamp="2024-01-14T12:40:16 EST" skipped="0">
  <testcase classname="com.TestNG_Jan_13_2024_Day14_TestNG_Repeat_DataDrivenTesting_DataProvider.DataProvider_In_The_Same_Class_With_TestCase" name="loginTest" time="0.029"/>
  <testcase classname="com.TestNG_Jan_13_2024_Day14_TestNG_Repeat_DataDrivenTesting_DataProvider.DataProvider_In_The_Same_Class_With_TestCase" name="loginTest" time="0.007"/>
  <testcase classname="com.TestNG_Jan_13_2024_Day14_TestNG_Repeat_DataDrivenTesting_DataProvider.DataProvider_In_The_Same_Class_With_TestCase" name="loginTest" time="0.004"/>
</testsuite> <!-- com.TestNG_Jan_13_2024_Day14_TestNG_Repeat_DataDrivenTesting_DataProvider.DataProvider_In_The_Same_Class_With_TestCase -->
