<?xml version="1.0" encoding="UTF-8"?>
<!-- Generated by org.testng.reporters.JUnitReportReporter -->
<testsuite hostname="DESKTOP-P55NFCV" failures="0" tests="5" name="com.TestNG.Jan_03_2024_Day10_TestNG_ExcelSheet_DaatProvider.TestCases" time="83.352" errors="0" timestamp="2024-01-14T22:42:00 EST" skipped="0">
  <testcase classname="com.TestNG.Jan_03_2024_Day10_TestNG_ExcelSheet_DaatProvider.TestCases" name="rediffLogin" time="12.636"/>
  <testcase classname="com.TestNG.Jan_03_2024_Day10_TestNG_ExcelSheet_DaatProvider.TestCases" name="rediffLogin" time="10.577"/>
  <testcase classname="com.TestNG.Jan_03_2024_Day10_TestNG_ExcelSheet_DaatProvider.TestCases" name="rediffLogin" time="14.037"/>
  <testcase classname="com.TestNG.Jan_03_2024_Day10_TestNG_ExcelSheet_DaatProvider.TestCases" name="rediffLogin" time="9.809"/>
  <testcase classname="com.TestNG.Jan_03_2024_Day10_TestNG_ExcelSheet_DaatProvider.TestCases" name="rediffLogin" time="36.293"/>
</testsuite> <!-- com.TestNG.Jan_03_2024_Day10_TestNG_ExcelSheet_DaatProvider.TestCases -->
