<?xml version="1.0" encoding="UTF-8"?>
<!-- Generated by org.testng.reporters.JUnitReportReporter -->
<testsuite hostname="DESKTOP-P55NFCV" failures="0" tests="5" name="com.TestNG.Jan_16_Day15_Application_Of_OOPs.LoginTest" time="71.007" errors="0" timestamp="2024-01-16T21:17:42 EST" skipped="0">
  <testcase classname="com.TestNG.Jan_16_Day15_Application_Of_OOPs.LoginTest" name="verifyLoginWithValidCredentials" time="29.015"/>
  <testcase classname="com.TestNG.Jan_16_Day15_Application_Of_OOPs.LoginTest" name="verifyLoginWithInvalidCredentials" time="10.156"/>
  <testcase classname="com.TestNG.Jan_16_Day15_Application_Of_OOPs.LoginTest" name="verifyLoginWithValidEmailInvalidPassword" time="11.976"/>
  <testcase classname="com.TestNG.Jan_16_Day15_Application_Of_OOPs.LoginTest" name="verifyLoginWithInvalidEmailValidPassword" time="10.813"/>
  <testcase classname="com.TestNG.Jan_16_Day15_Application_Of_OOPs.LoginTest" name="verifyLoginWitNoCredentials" time="9.047"/>
</testsuite> <!-- com.TestNG.Jan_16_Day15_Application_Of_OOPs.LoginTest -->
