<?xml version="1.0" encoding="UTF-8"?>
<!-- Generated by org.testng.reporters.JUnitReportReporter -->
<testsuite hostname="DESKTOP-P55NFCV" failures="0" tests="4" name="com.TestNG.Dec_27_2023_Day9_TestNG.ClassAssignment_Utilclass_Register" time="51.967" errors="0" timestamp="2024-01-28T18:15:27 EST" skipped="0">
  <testcase classname="com.TestNG.Dec_27_2023_Day9_TestNG.ClassAssignment_Utilclass_Register" name="verifyRegisterWithMandatoryFields" time="15.266"/>
  <testcase classname="com.TestNG.Dec_27_2023_Day9_TestNG.ClassAssignment_Utilclass_Register" name="verifyRegisterWithAllFields" time="14.126"/>
  <testcase classname="com.TestNG.Dec_27_2023_Day9_TestNG.ClassAssignment_Utilclass_Register" name="verifyRegisterWithExistingEmail" time="12.349"/>
  <testcase classname="com.TestNG.Dec_27_2023_Day9_TestNG.ClassAssignment_Utilclass_Register" name="verifyRegisterWithNoDetails" time="10.226"/>
</testsuite> <!-- com.TestNG.Dec_27_2023_Day9_TestNG.ClassAssignment_Utilclass_Register -->
