<?xml version="1.0" encoding="UTF-8"?>
<!-- Generated by org.testng.reporters.JUnitReportReporter -->
<testsuite hostname="DESKTOP-P55NFCV" failures="0" tests="3" name="com.TestNG.Dec_27_2023_Day9_TestNG.Assertions_InTestNG" time="46.943" errors="0" timestamp="2024-01-28T18:15:27 EST" skipped="0">
  <testcase classname="com.TestNG.Dec_27_2023_Day9_TestNG.Assertions_InTestNG" name="login" time="19.426"/>
  <testcase classname="com.TestNG.Dec_27_2023_Day9_TestNG.Assertions_InTestNG" name="logout" time="14.195"/>
  <testcase classname="com.TestNG.Dec_27_2023_Day9_TestNG.Assertions_InTestNG" name="continueButtonOnLogoutPage" time="13.322"/>
</testsuite> <!-- com.TestNG.Dec_27_2023_Day9_TestNG.Assertions_InTestNG -->
